01/28/2024 14:26:52 PM - DEBUG - Starting new HTTPS connection (1): management-ca-central-1.hygraph.com:443
01/28/2024 14:26:54 PM - DEBUG - https://management-ca-central-1.hygraph.com:443 "POST /graphql HTTP/1.1" 200 24843
01/28/2024 14:26:54 PM - DEBUG - Starting new HTTPS connection (1): management-ca-central-1.hygraph.com:443
01/28/2024 14:26:55 PM - DEBUG - https://management-ca-central-1.hygraph.com:443 "POST /graphql HTTP/1.1" 200 4585
01/28/2024 14:26:55 PM - DEBUG - Starting new HTTPS connection (1): management-ca-central-1.hygraph.com:443
01/28/2024 14:26:56 PM - DEBUG - https://management-ca-central-1.hygraph.com:443 "POST /graphql HTTP/1.1" 200 90
01/28/2024 14:26:56 PM - INFO - This field already exists!Avatar
01/28/2024 14:26:56 PM - INFO - This is RelationalField!
01/28/2024 14:26:56 PM - INFO - This field already exists!environment
01/28/2024 14:26:56 PM - INFO - This field already exists!startDate
01/28/2024 14:26:56 PM - INFO - This is EnumerableField!
01/28/2024 14:26:56 PM - INFO - {'id': 'b0c5591fb90b4d66a8479b824681cb1b', 'apiId': 'animal', 'isSystem': False, 'isList': False, 'displayName': 'Animal', 'parent': {'apiId': 'NewTest', 'displayName': 'newTest'}, 'etype': 'ENUMERATION'}
01/28/2024 14:26:56 PM - INFO - This field already exists!note
01/28/2024 14:35:39 PM - DEBUG - Starting new HTTPS connection (1): management-ca-central-1.hygraph.com:443
01/28/2024 14:35:41 PM - DEBUG - https://management-ca-central-1.hygraph.com:443 "POST /graphql HTTP/1.1" 200 24878
01/28/2024 14:35:41 PM - DEBUG - Starting new HTTPS connection (1): management-ca-central-1.hygraph.com:443
01/28/2024 14:35:42 PM - DEBUG - https://management-ca-central-1.hygraph.com:443 "POST /graphql HTTP/1.1" 200 4585
01/28/2024 14:35:42 PM - DEBUG - Starting new HTTPS connection (1): management-ca-central-1.hygraph.com:443
01/28/2024 14:35:43 PM - DEBUG - https://management-ca-central-1.hygraph.com:443 "POST /graphql HTTP/1.1" 200 90
01/28/2024 14:35:43 PM - INFO - This field already exists!Avatar
01/28/2024 14:35:43 PM - INFO - This is RelationalField!
01/28/2024 14:35:43 PM - INFO - This field already exists!environment
01/28/2024 14:35:43 PM - INFO - This field already exists!startDate
01/28/2024 14:35:43 PM - INFO - This is EnumerableField!
01/28/2024 14:35:43 PM - INFO - {'id': 'b0c5591fb90b4d66a8479b824681cb1b', 'apiId': 'animal', 'isSystem': False, 'isList': False, 'displayName': 'Animal', 'parent': {'apiId': 'NewTest', 'displayName': 'newTest'}, 'etype': 'ENUMERATION', 'enumeration': {'apiId': 'Annimals'}}
01/28/2024 14:35:43 PM - INFO - This field already exists!note
01/28/2024 15:56:55 PM - DEBUG - Starting new HTTPS connection (1): management-ca-central-1.hygraph.com:443
01/28/2024 15:56:56 PM - DEBUG - https://management-ca-central-1.hygraph.com:443 "POST /graphql HTTP/1.1" 200 24878
01/28/2024 15:56:56 PM - DEBUG - Starting new HTTPS connection (1): management-ca-central-1.hygraph.com:443
01/28/2024 15:56:57 PM - DEBUG - https://management-ca-central-1.hygraph.com:443 "POST /graphql HTTP/1.1" 200 4931
01/28/2024 15:56:57 PM - DEBUG - Starting new HTTPS connection (1): management-ca-central-1.hygraph.com:443
01/28/2024 15:56:59 PM - DEBUG - https://management-ca-central-1.hygraph.com:443 "POST /graphql HTTP/1.1" 200 90
01/28/2024 15:56:59 PM - INFO - This field already exists!Avatar
01/28/2024 15:56:59 PM - INFO - This is RelationalField!
01/28/2024 15:56:59 PM - INFO - This field already exists!environment
01/28/2024 15:56:59 PM - INFO - This field already exists!startDate
01/28/2024 15:56:59 PM - INFO - Start to create Enumeration!Annimals
01/28/2024 15:56:59 PM - DEBUG - Starting new HTTPS connection (1): management-ca-central-1.hygraph.com:443
01/28/2024 15:57:01 PM - DEBUG - https://management-ca-central-1.hygraph.com:443 "POST /graphql HTTP/1.1" 400 503
01/28/2024 15:57:06 PM - DEBUG - Starting new HTTPS connection (1): management-ca-central-1.hygraph.com:443
01/28/2024 15:57:10 PM - DEBUG - https://management-ca-central-1.hygraph.com:443 "POST /graphql HTTP/1.1" 200 145
01/28/2024 15:58:51 PM - DEBUG - Starting new HTTPS connection (1): management-ca-central-1.hygraph.com:443
01/28/2024 15:58:53 PM - DEBUG - https://management-ca-central-1.hygraph.com:443 "POST /graphql HTTP/1.1" 200 24878
01/28/2024 15:58:53 PM - DEBUG - Starting new HTTPS connection (1): management-ca-central-1.hygraph.com:443
01/28/2024 15:58:54 PM - DEBUG - https://management-ca-central-1.hygraph.com:443 "POST /graphql HTTP/1.1" 200 4931
01/28/2024 15:58:54 PM - DEBUG - Starting new HTTPS connection (1): management-ca-central-1.hygraph.com:443
01/28/2024 15:58:55 PM - DEBUG - https://management-ca-central-1.hygraph.com:443 "POST /graphql HTTP/1.1" 200 90
01/28/2024 15:58:55 PM - INFO - This field already exists!Avatar
01/28/2024 15:58:55 PM - INFO - This is RelationalField!
01/28/2024 15:58:55 PM - INFO - This field already exists!environment
01/28/2024 15:58:55 PM - INFO - This field already exists!startDate
01/28/2024 15:58:55 PM - INFO - Start to create Enumeration!Annimals
01/28/2024 15:58:55 PM - DEBUG - Starting new HTTPS connection (1): management-ca-central-1.hygraph.com:443
01/28/2024 15:58:57 PM - DEBUG - https://management-ca-central-1.hygraph.com:443 "POST /graphql HTTP/1.1" 400 503
01/28/2024 15:59:02 PM - DEBUG - Starting new HTTPS connection (1): management-ca-central-1.hygraph.com:443
01/28/2024 15:59:03 PM - DEBUG - https://management-ca-central-1.hygraph.com:443 "POST /graphql HTTP/1.1" 200 145
01/28/2024 16:00:03 PM - DEBUG - Starting new HTTPS connection (1): management-ca-central-1.hygraph.com:443
01/28/2024 16:00:04 PM - DEBUG - https://management-ca-central-1.hygraph.com:443 "POST /graphql HTTP/1.1" 200 24878
01/28/2024 16:00:04 PM - DEBUG - Starting new HTTPS connection (1): management-ca-central-1.hygraph.com:443
01/28/2024 16:00:05 PM - DEBUG - https://management-ca-central-1.hygraph.com:443 "POST /graphql HTTP/1.1" 200 4931
01/28/2024 16:00:05 PM - DEBUG - Starting new HTTPS connection (1): management-ca-central-1.hygraph.com:443
01/28/2024 16:00:06 PM - DEBUG - https://management-ca-central-1.hygraph.com:443 "POST /graphql HTTP/1.1" 200 90
01/28/2024 16:00:06 PM - INFO - This field already exists!Avatar
01/28/2024 16:00:06 PM - INFO - This is RelationalField!
01/28/2024 16:00:06 PM - INFO - This field already exists!environment
01/28/2024 16:00:06 PM - INFO - This field already exists!startDate
01/28/2024 16:00:06 PM - INFO - Start to create Enumeration!Annimals
01/28/2024 16:00:06 PM - DEBUG - Starting new HTTPS connection (1): management-ca-central-1.hygraph.com:443
01/28/2024 16:00:08 PM - DEBUG - https://management-ca-central-1.hygraph.com:443 "POST /graphql HTTP/1.1" 400 503
01/28/2024 16:00:13 PM - DEBUG - Starting new HTTPS connection (1): management-ca-central-1.hygraph.com:443
01/28/2024 16:00:14 PM - DEBUG - https://management-ca-central-1.hygraph.com:443 "POST /graphql HTTP/1.1" 200 145
01/28/2024 16:02:40 PM - DEBUG - Starting new HTTPS connection (1): management-ca-central-1.hygraph.com:443
01/28/2024 16:02:41 PM - DEBUG - https://management-ca-central-1.hygraph.com:443 "POST /graphql HTTP/1.1" 200 24878
01/28/2024 16:02:41 PM - DEBUG - Starting new HTTPS connection (1): management-ca-central-1.hygraph.com:443
01/28/2024 16:02:43 PM - DEBUG - https://management-ca-central-1.hygraph.com:443 "POST /graphql HTTP/1.1" 200 4931
01/28/2024 16:02:43 PM - DEBUG - Starting new HTTPS connection (1): management-ca-central-1.hygraph.com:443
01/28/2024 16:02:45 PM - DEBUG - https://management-ca-central-1.hygraph.com:443 "POST /graphql HTTP/1.1" 200 90
01/28/2024 16:02:45 PM - INFO - This field already exists!Avatar
01/28/2024 16:02:45 PM - INFO - This is RelationalField!
01/28/2024 16:02:45 PM - INFO - This field already exists!environment
01/28/2024 16:02:45 PM - INFO - This field already exists!startDate
01/28/2024 16:02:45 PM - INFO - Start to create Enumeration!Annimals
01/28/2024 16:02:45 PM - DEBUG - Starting new HTTPS connection (1): management-ca-central-1.hygraph.com:443
01/28/2024 16:02:46 PM - DEBUG - https://management-ca-central-1.hygraph.com:443 "POST /graphql HTTP/1.1" 400 503
01/28/2024 16:02:51 PM - DEBUG - Starting new HTTPS connection (1): management-ca-central-1.hygraph.com:443
01/28/2024 16:02:52 PM - DEBUG - https://management-ca-central-1.hygraph.com:443 "POST /graphql HTTP/1.1" 200 145
01/28/2024 16:04:59 PM - DEBUG - Starting new HTTPS connection (1): management-ca-central-1.hygraph.com:443
01/28/2024 16:05:00 PM - DEBUG - https://management-ca-central-1.hygraph.com:443 "POST /graphql HTTP/1.1" 200 24878
01/28/2024 16:05:00 PM - DEBUG - Starting new HTTPS connection (1): management-ca-central-1.hygraph.com:443
01/28/2024 16:05:01 PM - DEBUG - https://management-ca-central-1.hygraph.com:443 "POST /graphql HTTP/1.1" 200 4931
01/28/2024 16:05:01 PM - DEBUG - Starting new HTTPS connection (1): management-ca-central-1.hygraph.com:443
01/28/2024 16:05:03 PM - DEBUG - https://management-ca-central-1.hygraph.com:443 "POST /graphql HTTP/1.1" 200 90
01/28/2024 16:05:03 PM - INFO - This field already exists!Avatar
01/28/2024 16:05:03 PM - INFO - This is RelationalField!
01/28/2024 16:05:03 PM - INFO - This field already exists!environment
01/28/2024 16:05:03 PM - INFO - This field already exists!startDate
01/28/2024 16:05:03 PM - INFO - Start to create Enumeration!Annimals
01/28/2024 16:05:03 PM - DEBUG - Starting new HTTPS connection (1): management-ca-central-1.hygraph.com:443
01/28/2024 16:05:04 PM - DEBUG - https://management-ca-central-1.hygraph.com:443 "POST /graphql HTTP/1.1" 400 503
01/28/2024 16:05:09 PM - DEBUG - Starting new HTTPS connection (1): management-ca-central-1.hygraph.com:443
01/28/2024 16:05:11 PM - DEBUG - https://management-ca-central-1.hygraph.com:443 "POST /graphql HTTP/1.1" 200 145
01/28/2024 16:10:14 PM - DEBUG - Starting new HTTPS connection (1): management-ca-central-1.hygraph.com:443
01/28/2024 16:10:15 PM - DEBUG - https://management-ca-central-1.hygraph.com:443 "POST /graphql HTTP/1.1" 200 24878
01/28/2024 16:10:15 PM - DEBUG - Starting new HTTPS connection (1): management-ca-central-1.hygraph.com:443
01/28/2024 16:10:17 PM - DEBUG - https://management-ca-central-1.hygraph.com:443 "POST /graphql HTTP/1.1" 200 4931
01/28/2024 16:10:17 PM - DEBUG - Starting new HTTPS connection (1): management-ca-central-1.hygraph.com:443
01/28/2024 16:10:18 PM - DEBUG - https://management-ca-central-1.hygraph.com:443 "POST /graphql HTTP/1.1" 200 90
01/28/2024 16:10:18 PM - INFO - This field already exists!Avatar
01/28/2024 16:10:18 PM - INFO - This is RelationalField!
01/28/2024 16:10:18 PM - INFO - This field already exists!environment
01/28/2024 16:10:18 PM - INFO - This field already exists!startDate
01/28/2024 16:10:18 PM - INFO - Start to create Enumeration!Annimals
01/28/2024 16:12:41 PM - DEBUG - Starting new HTTPS connection (1): management-ca-central-1.hygraph.com:443
01/28/2024 16:12:42 PM - DEBUG - https://management-ca-central-1.hygraph.com:443 "POST /graphql HTTP/1.1" 200 24878
01/28/2024 16:12:42 PM - DEBUG - Starting new HTTPS connection (1): management-ca-central-1.hygraph.com:443
01/28/2024 16:12:43 PM - DEBUG - https://management-ca-central-1.hygraph.com:443 "POST /graphql HTTP/1.1" 200 4931
01/28/2024 16:12:43 PM - DEBUG - Starting new HTTPS connection (1): management-ca-central-1.hygraph.com:443
01/28/2024 16:12:44 PM - DEBUG - https://management-ca-central-1.hygraph.com:443 "POST /graphql HTTP/1.1" 200 90
01/28/2024 16:12:44 PM - INFO - This field already exists!Avatar
01/28/2024 16:12:44 PM - INFO - This is RelationalField!
01/28/2024 16:12:44 PM - INFO - This field already exists!environment
01/28/2024 16:12:44 PM - INFO - This field already exists!startDate
01/28/2024 16:12:44 PM - INFO - Start to create Enumeration!Annimals
01/28/2024 16:12:44 PM - DEBUG - Starting new HTTPS connection (1): management-ca-central-1.hygraph.com:443
01/28/2024 16:12:46 PM - DEBUG - https://management-ca-central-1.hygraph.com:443 "POST /graphql HTTP/1.1" 200 230
01/28/2024 16:12:51 PM - DEBUG - Starting new HTTPS connection (1): management-ca-central-1.hygraph.com:443
01/28/2024 16:12:52 PM - DEBUG - https://management-ca-central-1.hygraph.com:443 "POST /graphql HTTP/1.1" 200 206
01/28/2024 16:12:52 PM - INFO - Start to create EnumerableField!Animal
01/28/2024 16:12:52 PM - DEBUG - Starting new HTTPS connection (1): management-ca-central-1.hygraph.com:443
01/28/2024 16:12:53 PM - DEBUG - https://management-ca-central-1.hygraph.com:443 "POST /graphql HTTP/1.1" 400 237
01/28/2024 16:12:58 PM - INFO - This field already exists!note
01/28/2024 16:14:35 PM - DEBUG - Starting new HTTPS connection (1): management-ca-central-1.hygraph.com:443
01/28/2024 16:14:36 PM - DEBUG - https://management-ca-central-1.hygraph.com:443 "POST /graphql HTTP/1.1" 200 24878
01/28/2024 16:14:36 PM - DEBUG - Starting new HTTPS connection (1): management-ca-central-1.hygraph.com:443
01/28/2024 16:14:37 PM - DEBUG - https://management-ca-central-1.hygraph.com:443 "POST /graphql HTTP/1.1" 200 5197
01/28/2024 16:14:37 PM - DEBUG - Starting new HTTPS connection (1): management-ca-central-1.hygraph.com:443
01/28/2024 16:14:38 PM - DEBUG - https://management-ca-central-1.hygraph.com:443 "POST /graphql HTTP/1.1" 200 90
01/28/2024 16:14:38 PM - INFO - This field already exists!Avatar
01/28/2024 16:14:38 PM - INFO - This is RelationalField!
01/28/2024 16:14:38 PM - INFO - This field already exists!environment
01/28/2024 16:14:38 PM - INFO - This field already exists!startDate
01/28/2024 16:14:38 PM - INFO - Start to create EnumerableField!Animal
01/28/2024 16:14:38 PM - DEBUG - Starting new HTTPS connection (1): management-ca-central-1.hygraph.com:443
01/28/2024 16:14:40 PM - DEBUG - https://management-ca-central-1.hygraph.com:443 "POST /graphql HTTP/1.1" 400 237
01/28/2024 16:14:45 PM - INFO - This field already exists!note
01/28/2024 16:15:31 PM - DEBUG - Starting new HTTPS connection (1): management-ca-central-1.hygraph.com:443
01/28/2024 16:15:33 PM - DEBUG - https://management-ca-central-1.hygraph.com:443 "POST /graphql HTTP/1.1" 200 24878
01/28/2024 16:15:33 PM - DEBUG - Starting new HTTPS connection (1): management-ca-central-1.hygraph.com:443
01/28/2024 16:15:34 PM - DEBUG - https://management-ca-central-1.hygraph.com:443 "POST /graphql HTTP/1.1" 200 5197
01/28/2024 16:15:34 PM - DEBUG - Starting new HTTPS connection (1): management-ca-central-1.hygraph.com:443
01/28/2024 16:15:35 PM - DEBUG - https://management-ca-central-1.hygraph.com:443 "POST /graphql HTTP/1.1" 200 90
01/28/2024 16:15:35 PM - INFO - This field already exists!Avatar
01/28/2024 16:15:35 PM - INFO - This is RelationalField!
01/28/2024 16:15:35 PM - INFO - This field already exists!environment
01/28/2024 16:15:35 PM - INFO - This field already exists!startDate
01/28/2024 16:15:35 PM - INFO - Start to create EnumerableField!Animal
01/28/2024 16:15:35 PM - DEBUG - Starting new HTTPS connection (1): management-ca-central-1.hygraph.com:443
01/28/2024 16:15:36 PM - DEBUG - https://management-ca-central-1.hygraph.com:443 "POST /graphql HTTP/1.1" 400 258
01/28/2024 16:15:41 PM - INFO - This field already exists!note
01/28/2024 16:17:30 PM - DEBUG - Starting new HTTPS connection (1): management-ca-central-1.hygraph.com:443
01/28/2024 16:17:31 PM - DEBUG - https://management-ca-central-1.hygraph.com:443 "POST /graphql HTTP/1.1" 200 24878
01/28/2024 16:17:31 PM - DEBUG - Starting new HTTPS connection (1): management-ca-central-1.hygraph.com:443
01/28/2024 16:17:32 PM - DEBUG - https://management-ca-central-1.hygraph.com:443 "POST /graphql HTTP/1.1" 200 5197
01/28/2024 16:17:32 PM - DEBUG - Starting new HTTPS connection (1): management-ca-central-1.hygraph.com:443
01/28/2024 16:17:33 PM - DEBUG - https://management-ca-central-1.hygraph.com:443 "POST /graphql HTTP/1.1" 200 90
01/28/2024 16:17:33 PM - INFO - This field already exists!Avatar
01/28/2024 16:17:33 PM - INFO - This is RelationalField!
01/28/2024 16:17:33 PM - INFO - This field already exists!environment
01/28/2024 16:17:33 PM - INFO - This field already exists!startDate
01/28/2024 16:17:33 PM - INFO - Start to create EnumerableField!Animal
01/28/2024 16:17:33 PM - DEBUG - Starting new HTTPS connection (1): management-ca-central-1.hygraph.com:443
01/28/2024 16:17:34 PM - DEBUG - https://management-ca-central-1.hygraph.com:443 "POST /graphql HTTP/1.1" 400 258
01/28/2024 16:17:39 PM - INFO - This field already exists!note
01/28/2024 16:21:38 PM - DEBUG - Starting new HTTPS connection (1): management-ca-central-1.hygraph.com:443
01/28/2024 16:21:39 PM - DEBUG - https://management-ca-central-1.hygraph.com:443 "POST /graphql HTTP/1.1" 200 24878
01/28/2024 16:21:39 PM - DEBUG - Starting new HTTPS connection (1): management-ca-central-1.hygraph.com:443
01/28/2024 16:21:41 PM - DEBUG - https://management-ca-central-1.hygraph.com:443 "POST /graphql HTTP/1.1" 200 5197
01/28/2024 16:21:41 PM - DEBUG - Starting new HTTPS connection (1): management-ca-central-1.hygraph.com:443
01/28/2024 16:21:42 PM - DEBUG - https://management-ca-central-1.hygraph.com:443 "POST /graphql HTTP/1.1" 200 90
01/28/2024 16:21:42 PM - INFO - This field already exists!Avatar
01/28/2024 16:21:42 PM - INFO - This is RelationalField!
01/28/2024 16:21:42 PM - INFO - This field already exists!environment
01/28/2024 16:21:42 PM - INFO - This field already exists!startDate
01/28/2024 16:21:42 PM - INFO - Start to create EnumerableField!Animal
01/28/2024 16:21:42 PM - DEBUG - Starting new HTTPS connection (1): management-ca-central-1.hygraph.com:443
01/28/2024 16:21:43 PM - DEBUG - https://management-ca-central-1.hygraph.com:443 "POST /graphql HTTP/1.1" 400 258
01/28/2024 16:21:48 PM - INFO - This field already exists!note
01/28/2024 16:25:55 PM - DEBUG - Starting new HTTPS connection (1): management-ca-central-1.hygraph.com:443
01/28/2024 16:25:56 PM - DEBUG - https://management-ca-central-1.hygraph.com:443 "POST /graphql HTTP/1.1" 200 24878
01/28/2024 16:25:56 PM - DEBUG - Starting new HTTPS connection (1): management-ca-central-1.hygraph.com:443
01/28/2024 16:25:58 PM - DEBUG - https://management-ca-central-1.hygraph.com:443 "POST /graphql HTTP/1.1" 200 5421
01/28/2024 16:25:58 PM - DEBUG - Starting new HTTPS connection (1): management-ca-central-1.hygraph.com:443
01/28/2024 16:25:59 PM - DEBUG - https://management-ca-central-1.hygraph.com:443 "POST /graphql HTTP/1.1" 200 90
01/28/2024 16:25:59 PM - INFO - This field already exists!Avatar
01/28/2024 16:25:59 PM - INFO - This is RelationalField!
01/28/2024 16:25:59 PM - INFO - This field already exists!environment
01/28/2024 16:25:59 PM - INFO - This field already exists!startDate
01/28/2024 16:25:59 PM - INFO - This field already exists!Animal
01/28/2024 16:25:59 PM - INFO - This field already exists!note
01/28/2024 16:26:16 PM - DEBUG - Starting new HTTPS connection (1): management-ca-central-1.hygraph.com:443
01/28/2024 16:26:17 PM - DEBUG - https://management-ca-central-1.hygraph.com:443 "POST /graphql HTTP/1.1" 200 24878
01/28/2024 16:26:17 PM - DEBUG - Starting new HTTPS connection (1): management-ca-central-1.hygraph.com:443
01/28/2024 16:26:19 PM - DEBUG - https://management-ca-central-1.hygraph.com:443 "POST /graphql HTTP/1.1" 200 5421
01/28/2024 16:26:19 PM - DEBUG - Starting new HTTPS connection (1): management-ca-central-1.hygraph.com:443
01/28/2024 16:26:20 PM - DEBUG - https://management-ca-central-1.hygraph.com:443 "POST /graphql HTTP/1.1" 200 90
01/28/2024 16:26:20 PM - INFO - This field already exists!Avatar
01/28/2024 16:26:20 PM - INFO - This is RelationalField!
01/28/2024 16:26:20 PM - INFO - This field already exists!environment
01/28/2024 16:26:20 PM - INFO - This field already exists!startDate
01/28/2024 16:26:20 PM - INFO - This field already exists!Animal
01/28/2024 16:26:20 PM - INFO - This field already exists!note
01/28/2024 16:27:08 PM - DEBUG - Starting new HTTPS connection (1): management-ca-central-1.hygraph.com:443
01/28/2024 16:27:10 PM - DEBUG - https://management-ca-central-1.hygraph.com:443 "POST /graphql HTTP/1.1" 200 24878
01/28/2024 16:27:10 PM - DEBUG - Starting new HTTPS connection (1): management-ca-central-1.hygraph.com:443
01/28/2024 16:27:11 PM - DEBUG - https://management-ca-central-1.hygraph.com:443 "POST /graphql HTTP/1.1" 200 5197
01/28/2024 16:27:11 PM - DEBUG - Starting new HTTPS connection (1): management-ca-central-1.hygraph.com:443
01/28/2024 16:27:13 PM - DEBUG - https://management-ca-central-1.hygraph.com:443 "POST /graphql HTTP/1.1" 200 90
01/28/2024 16:27:13 PM - INFO - This field already exists!Avatar
01/28/2024 16:27:13 PM - INFO - This is RelationalField!
01/28/2024 16:27:13 PM - INFO - This field already exists!environment
01/28/2024 16:27:13 PM - INFO - This field already exists!startDate
01/28/2024 16:27:13 PM - INFO - Start to create EnumerableField!Animal
01/28/2024 16:27:13 PM - DEBUG - Starting new HTTPS connection (1): management-ca-central-1.hygraph.com:443
01/28/2024 16:27:14 PM - DEBUG - https://management-ca-central-1.hygraph.com:443 "POST /graphql HTTP/1.1" 200 234
01/28/2024 16:27:19 PM - INFO - Create enumerable field successfully!Animal
01/28/2024 16:27:19 PM - INFO - This field already exists!note
01/28/2024 16:28:17 PM - DEBUG - Starting new HTTPS connection (1): management-ca-central-1.hygraph.com:443
01/28/2024 16:28:18 PM - DEBUG - https://management-ca-central-1.hygraph.com:443 "POST /graphql HTTP/1.1" 200 24878
01/28/2024 16:28:18 PM - DEBUG - Starting new HTTPS connection (1): management-ca-central-1.hygraph.com:443
01/28/2024 16:28:19 PM - DEBUG - https://management-ca-central-1.hygraph.com:443 "POST /graphql HTTP/1.1" 200 244
01/28/2024 16:28:19 PM - DEBUG - Starting new HTTPS connection (1): management-ca-central-1.hygraph.com:443
01/28/2024 16:28:20 PM - DEBUG - https://management-ca-central-1.hygraph.com:443 "POST /graphql HTTP/1.1" 200 90
01/28/2024 16:28:20 PM - INFO - Start to create model!newTest
01/28/2024 16:28:20 PM - DEBUG - Starting new HTTPS connection (1): management-ca-central-1.hygraph.com:443
01/28/2024 16:28:21 PM - DEBUG - https://management-ca-central-1.hygraph.com:443 "POST /graphql HTTP/1.1" 200 224
01/28/2024 16:28:26 PM - DEBUG - Starting new HTTPS connection (1): management-ca-central-1.hygraph.com:443
01/28/2024 16:28:27 PM - DEBUG - https://management-ca-central-1.hygraph.com:443 "POST /graphql HTTP/1.1" 200 279
01/28/2024 16:30:26 PM - DEBUG - Starting new HTTPS connection (1): management-ca-central-1.hygraph.com:443
01/28/2024 16:30:27 PM - DEBUG - https://management-ca-central-1.hygraph.com:443 "POST /graphql HTTP/1.1" 200 24878
01/28/2024 16:30:27 PM - DEBUG - Starting new HTTPS connection (1): management-ca-central-1.hygraph.com:443
01/28/2024 16:30:28 PM - DEBUG - https://management-ca-central-1.hygraph.com:443 "POST /graphql HTTP/1.1" 200 2910
01/28/2024 16:30:28 PM - DEBUG - Starting new HTTPS connection (1): management-ca-central-1.hygraph.com:443
01/28/2024 16:30:30 PM - DEBUG - https://management-ca-central-1.hygraph.com:443 "POST /graphql HTTP/1.1" 200 90
01/28/2024 16:30:30 PM - INFO - Start to create SimpleField!Avatar
01/28/2024 16:30:30 PM - DEBUG - Starting new HTTPS connection (1): management-ca-central-1.hygraph.com:443
01/28/2024 16:30:31 PM - DEBUG - https://management-ca-central-1.hygraph.com:443 "POST /graphql HTTP/1.1" 200 230
01/28/2024 16:30:34 PM - INFO - Create simple field successfully!Avatar
01/28/2024 16:30:34 PM - INFO - This is RelationalField!
01/28/2024 16:30:34 PM - INFO - Start to create SimpleField!environment
01/28/2024 16:30:34 PM - DEBUG - Starting new HTTPS connection (1): management-ca-central-1.hygraph.com:443
01/28/2024 16:30:35 PM - DEBUG - https://management-ca-central-1.hygraph.com:443 "POST /graphql HTTP/1.1" 200 230
01/28/2024 16:30:38 PM - INFO - Create simple field successfully!environment
01/28/2024 16:30:38 PM - INFO - Start to create SimpleField!startDate
01/28/2024 16:30:38 PM - DEBUG - Starting new HTTPS connection (1): management-ca-central-1.hygraph.com:443
01/28/2024 16:30:39 PM - DEBUG - https://management-ca-central-1.hygraph.com:443 "POST /graphql HTTP/1.1" 200 230
01/28/2024 16:30:42 PM - INFO - Create simple field successfully!startDate
01/28/2024 16:30:42 PM - INFO - Start to create Enumeration!Annimals
01/28/2024 16:30:42 PM - DEBUG - Starting new HTTPS connection (1): management-ca-central-1.hygraph.com:443
01/28/2024 16:30:44 PM - DEBUG - https://management-ca-central-1.hygraph.com:443 "POST /graphql HTTP/1.1" 200 230
01/28/2024 16:30:49 PM - DEBUG - Starting new HTTPS connection (1): management-ca-central-1.hygraph.com:443
01/28/2024 16:30:50 PM - DEBUG - https://management-ca-central-1.hygraph.com:443 "POST /graphql HTTP/1.1" 200 145
01/28/2024 16:30:50 PM - INFO - Start to create EnumerableField!Animal
01/28/2024 16:30:50 PM - DEBUG - Starting new HTTPS connection (1): management-ca-central-1.hygraph.com:443
01/28/2024 16:30:51 PM - DEBUG - https://management-ca-central-1.hygraph.com:443 "POST /graphql HTTP/1.1" 200 234
01/28/2024 16:30:56 PM - INFO - Create enumerable field successfully!Animal
01/28/2024 16:30:56 PM - INFO - Start to create SimpleField!note
01/28/2024 16:30:56 PM - DEBUG - Starting new HTTPS connection (1): management-ca-central-1.hygraph.com:443
01/28/2024 16:30:58 PM - DEBUG - https://management-ca-central-1.hygraph.com:443 "POST /graphql HTTP/1.1" 200 230
01/28/2024 16:31:01 PM - INFO - Create simple field successfully!note
01/28/2024 16:33:15 PM - DEBUG - Starting new HTTPS connection (1): management-ca-central-1.hygraph.com:443
01/28/2024 16:33:17 PM - DEBUG - https://management-ca-central-1.hygraph.com:443 "POST /graphql HTTP/1.1" 200 24878
01/28/2024 16:33:17 PM - DEBUG - Starting new HTTPS connection (1): management-ca-central-1.hygraph.com:443
01/28/2024 16:33:18 PM - DEBUG - https://management-ca-central-1.hygraph.com:443 "POST /graphql HTTP/1.1" 200 244
01/28/2024 16:33:18 PM - DEBUG - Starting new HTTPS connection (1): management-ca-central-1.hygraph.com:443
01/28/2024 16:33:19 PM - DEBUG - https://management-ca-central-1.hygraph.com:443 "POST /graphql HTTP/1.1" 200 90
01/28/2024 16:33:19 PM - INFO - Start to create model!newTest
01/28/2024 16:33:19 PM - DEBUG - Starting new HTTPS connection (1): management-ca-central-1.hygraph.com:443
01/28/2024 16:33:20 PM - DEBUG - https://management-ca-central-1.hygraph.com:443 "POST /graphql HTTP/1.1" 200 224
01/28/2024 16:33:25 PM - DEBUG - Starting new HTTPS connection (1): management-ca-central-1.hygraph.com:443
01/28/2024 16:33:26 PM - DEBUG - https://management-ca-central-1.hygraph.com:443 "POST /graphql HTTP/1.1" 200 279
01/28/2024 16:35:14 PM - DEBUG - Starting new HTTPS connection (1): management-ca-central-1.hygraph.com:443
01/28/2024 16:35:15 PM - DEBUG - https://management-ca-central-1.hygraph.com:443 "POST /graphql HTTP/1.1" 200 24878
01/28/2024 16:35:15 PM - DEBUG - Starting new HTTPS connection (1): management-ca-central-1.hygraph.com:443
01/28/2024 16:35:16 PM - DEBUG - https://management-ca-central-1.hygraph.com:443 "POST /graphql HTTP/1.1" 200 244
01/28/2024 16:35:16 PM - DEBUG - Starting new HTTPS connection (1): management-ca-central-1.hygraph.com:443
01/28/2024 16:35:17 PM - DEBUG - https://management-ca-central-1.hygraph.com:443 "POST /graphql HTTP/1.1" 200 90
01/28/2024 16:35:17 PM - INFO - Start to create model!newTest
01/28/2024 16:35:17 PM - DEBUG - Starting new HTTPS connection (1): management-ca-central-1.hygraph.com:443
01/28/2024 16:35:18 PM - DEBUG - https://management-ca-central-1.hygraph.com:443 "POST /graphql HTTP/1.1" 200 224
01/28/2024 16:35:23 PM - DEBUG - Starting new HTTPS connection (1): management-ca-central-1.hygraph.com:443
01/28/2024 16:35:25 PM - DEBUG - https://management-ca-central-1.hygraph.com:443 "POST /graphql HTTP/1.1" 200 2837
01/28/2024 16:35:25 PM - INFO - Start to create SimpleField!Avatar
01/28/2024 16:35:25 PM - DEBUG - Starting new HTTPS connection (1): management-ca-central-1.hygraph.com:443
01/28/2024 16:35:26 PM - DEBUG - https://management-ca-central-1.hygraph.com:443 "POST /graphql HTTP/1.1" 200 230
01/28/2024 16:35:29 PM - INFO - Create simple field successfully!Avatar
01/28/2024 16:35:29 PM - INFO - This is RelationalField!
01/28/2024 16:35:29 PM - INFO - Start to create SimpleField!environment
01/28/2024 16:35:29 PM - DEBUG - Starting new HTTPS connection (1): management-ca-central-1.hygraph.com:443
01/28/2024 16:35:30 PM - DEBUG - https://management-ca-central-1.hygraph.com:443 "POST /graphql HTTP/1.1" 200 230
01/28/2024 16:35:33 PM - INFO - Create simple field successfully!environment
01/28/2024 16:35:33 PM - INFO - Start to create SimpleField!startDate
01/28/2024 16:35:33 PM - DEBUG - Starting new HTTPS connection (1): management-ca-central-1.hygraph.com:443
01/28/2024 16:35:34 PM - DEBUG - https://management-ca-central-1.hygraph.com:443 "POST /graphql HTTP/1.1" 200 230
01/28/2024 16:35:37 PM - INFO - Create simple field successfully!startDate
01/28/2024 16:35:37 PM - INFO - Start to create Enumeration!Annimals
01/28/2024 16:35:37 PM - DEBUG - Starting new HTTPS connection (1): management-ca-central-1.hygraph.com:443
01/28/2024 16:35:39 PM - DEBUG - https://management-ca-central-1.hygraph.com:443 "POST /graphql HTTP/1.1" 200 230
01/28/2024 16:35:44 PM - DEBUG - Starting new HTTPS connection (1): management-ca-central-1.hygraph.com:443
01/28/2024 16:35:45 PM - DEBUG - https://management-ca-central-1.hygraph.com:443 "POST /graphql HTTP/1.1" 200 145
01/28/2024 16:35:45 PM - INFO - Start to create EnumerableField!Animal
01/28/2024 16:35:45 PM - DEBUG - Starting new HTTPS connection (1): management-ca-central-1.hygraph.com:443
01/28/2024 16:35:46 PM - DEBUG - https://management-ca-central-1.hygraph.com:443 "POST /graphql HTTP/1.1" 200 234
01/28/2024 16:35:51 PM - INFO - Create enumerable field successfully!Animal
01/28/2024 16:35:51 PM - INFO - Start to create SimpleField!note
01/28/2024 16:35:51 PM - DEBUG - Starting new HTTPS connection (1): management-ca-central-1.hygraph.com:443
01/28/2024 16:35:52 PM - DEBUG - https://management-ca-central-1.hygraph.com:443 "POST /graphql HTTP/1.1" 200 230
01/28/2024 16:35:55 PM - INFO - Create simple field successfully!note
