01/28/2024 21:37:30 PM - DEBUG - Starting new HTTPS connection (1): management-ca-central-1.hygraph.com:443
01/28/2024 21:37:34 PM - DEBUG - https://management-ca-central-1.hygraph.com:443 "POST /graphql HTTP/1.1" 200 24878
01/28/2024 21:37:35 PM - DEBUG - Starting new HTTPS connection (1): management-ca-central-1.hygraph.com:443
01/28/2024 21:37:36 PM - DEBUG - https://management-ca-central-1.hygraph.com:443 "POST /graphql HTTP/1.1" 200 90
01/28/2024 21:37:36 PM - DEBUG - Starting new HTTPS connection (1): management-ca-central-1.hygraph.com:443
01/28/2024 21:37:38 PM - DEBUG - https://management-ca-central-1.hygraph.com:443 "POST /graphql HTTP/1.1" 200 24878
01/28/2024 21:38:54 PM - DEBUG - Starting new HTTPS connection (1): management-ca-central-1.hygraph.com:443
01/28/2024 21:39:00 PM - DEBUG - https://management-ca-central-1.hygraph.com:443 "POST /graphql HTTP/1.1" 200 24878
01/28/2024 21:39:00 PM - DEBUG - Starting new HTTPS connection (1): management-ca-central-1.hygraph.com:443
01/28/2024 21:39:02 PM - DEBUG - https://management-ca-central-1.hygraph.com:443 "POST /graphql HTTP/1.1" 200 90
01/28/2024 21:39:02 PM - DEBUG - Starting new HTTPS connection (1): management-ca-central-1.hygraph.com:443
01/28/2024 21:39:04 PM - DEBUG - https://management-ca-central-1.hygraph.com:443 "POST /graphql HTTP/1.1" 200 24878
01/28/2024 21:39:04 PM - INFO - This field already exists!Avatar
01/28/2024 21:39:04 PM - INFO - This field already exists!testAssetPicker
01/28/2024 21:39:04 PM - INFO - This field already exists!environment
01/28/2024 21:39:04 PM - INFO - This field already exists!startDate
01/28/2024 21:39:04 PM - INFO - This field already exists!Animal
01/28/2024 21:39:04 PM - INFO - This field already exists!note
01/28/2024 21:42:13 PM - DEBUG - Starting new HTTPS connection (1): management-ca-central-1.hygraph.com:443
01/28/2024 21:42:17 PM - DEBUG - https://management-ca-central-1.hygraph.com:443 "POST /graphql HTTP/1.1" 200 24878
01/28/2024 21:42:17 PM - DEBUG - Starting new HTTPS connection (1): management-ca-central-1.hygraph.com:443
01/28/2024 21:42:18 PM - DEBUG - https://management-ca-central-1.hygraph.com:443 "POST /graphql HTTP/1.1" 200 90
01/28/2024 21:42:18 PM - DEBUG - Starting new HTTPS connection (1): management-ca-central-1.hygraph.com:443
01/28/2024 21:42:21 PM - DEBUG - https://management-ca-central-1.hygraph.com:443 "POST /graphql HTTP/1.1" 200 244
01/28/2024 21:42:21 PM - INFO - Start to create model!newTest
01/28/2024 21:42:21 PM - DEBUG - Starting new HTTPS connection (1): management-ca-central-1.hygraph.com:443
01/28/2024 21:42:23 PM - DEBUG - https://management-ca-central-1.hygraph.com:443 "POST /graphql HTTP/1.1" 200 224
01/28/2024 21:45:06 PM - DEBUG - Starting new HTTPS connection (1): management-ca-central-1.hygraph.com:443
01/28/2024 21:46:31 PM - DEBUG - Starting new HTTPS connection (1): management-ca-central-1.hygraph.com:443
01/28/2024 21:46:35 PM - DEBUG - https://management-ca-central-1.hygraph.com:443 "POST /graphql HTTP/1.1" 200 24878
01/28/2024 21:46:36 PM - DEBUG - Starting new HTTPS connection (1): management-ca-central-1.hygraph.com:443
01/28/2024 21:46:38 PM - DEBUG - https://management-ca-central-1.hygraph.com:443 "POST /graphql HTTP/1.1" 200 90
01/28/2024 21:46:38 PM - DEBUG - Starting new HTTPS connection (1): management-ca-central-1.hygraph.com:443
01/28/2024 21:46:42 PM - DEBUG - https://management-ca-central-1.hygraph.com:443 "POST /graphql HTTP/1.1" 200 2910
01/28/2024 21:46:42 PM - INFO - Start to create SimpleField!Avatar
01/28/2024 21:46:42 PM - DEBUG - Starting new HTTPS connection (1): management-ca-central-1.hygraph.com:443
01/28/2024 21:46:44 PM - DEBUG - https://management-ca-central-1.hygraph.com:443 "POST /graphql HTTP/1.1" 200 230
01/28/2024 21:46:47 PM - INFO - Create simple field successfully!Avatar
01/28/2024 21:46:47 PM - INFO - This is RelationalField!
01/28/2024 21:46:47 PM - INFO - Start to create SimpleField!environment
01/28/2024 21:46:47 PM - DEBUG - Starting new HTTPS connection (1): management-ca-central-1.hygraph.com:443
01/28/2024 21:46:49 PM - DEBUG - https://management-ca-central-1.hygraph.com:443 "POST /graphql HTTP/1.1" 200 230
01/28/2024 21:46:52 PM - INFO - Create simple field successfully!environment
01/28/2024 21:46:52 PM - INFO - Start to create SimpleField!startDate
01/28/2024 21:46:52 PM - DEBUG - Starting new HTTPS connection (1): management-ca-central-1.hygraph.com:443
01/28/2024 21:46:54 PM - DEBUG - https://management-ca-central-1.hygraph.com:443 "POST /graphql HTTP/1.1" 200 230
01/28/2024 21:46:57 PM - INFO - Create simple field successfully!startDate
01/28/2024 21:46:57 PM - INFO - Start to create EnumerationField!Animal
01/28/2024 21:46:57 PM - INFO - Start to create Enumeration!Annimals
01/28/2024 21:46:57 PM - DEBUG - Starting new HTTPS connection (1): management-ca-central-1.hygraph.com:443
01/28/2024 21:46:59 PM - DEBUG - https://management-ca-central-1.hygraph.com:443 "POST /graphql HTTP/1.1" 200 230
01/28/2024 21:46:59 PM - INFO - Create Enumeration successfully!
01/28/2024 21:47:04 PM - DEBUG - Starting new HTTPS connection (1): management-ca-central-1.hygraph.com:443
01/28/2024 21:47:07 PM - DEBUG - https://management-ca-central-1.hygraph.com:443 "POST /graphql HTTP/1.1" 200 145
01/28/2024 21:47:07 PM - INFO - Start to create EnumerableField!Animal
01/28/2024 21:47:07 PM - DEBUG - Starting new HTTPS connection (1): management-ca-central-1.hygraph.com:443
01/28/2024 21:47:08 PM - DEBUG - https://management-ca-central-1.hygraph.com:443 "POST /graphql HTTP/1.1" 200 234
01/28/2024 21:47:13 PM - INFO - Create enumerable field successfully!Animal
01/28/2024 21:47:13 PM - INFO - Start to create SimpleField!note
01/28/2024 21:47:13 PM - DEBUG - Starting new HTTPS connection (1): management-ca-central-1.hygraph.com:443
01/28/2024 21:47:15 PM - DEBUG - https://management-ca-central-1.hygraph.com:443 "POST /graphql HTTP/1.1" 200 230
01/28/2024 21:47:18 PM - INFO - Create simple field successfully!note
01/28/2024 22:05:10 PM - DEBUG - Starting new HTTPS connection (1): management-ca-central-1.hygraph.com:443
01/28/2024 22:05:14 PM - DEBUG - https://management-ca-central-1.hygraph.com:443 "POST /graphql HTTP/1.1" 200 24878
01/28/2024 22:05:16 PM - DEBUG - Starting new HTTPS connection (1): management-ca-central-1.hygraph.com:443
01/28/2024 22:05:20 PM - DEBUG - https://management-ca-central-1.hygraph.com:443 "POST /graphql HTTP/1.1" 200 90
01/28/2024 22:05:20 PM - DEBUG - Starting new HTTPS connection (1): management-ca-central-1.hygraph.com:443
01/28/2024 22:05:25 PM - DEBUG - https://management-ca-central-1.hygraph.com:443 "POST /graphql HTTP/1.1" 200 244
01/28/2024 22:05:25 PM - INFO - Start to create model!newTest
01/28/2024 22:05:25 PM - DEBUG - Starting new HTTPS connection (1): management-ca-central-1.hygraph.com:443
01/28/2024 22:05:29 PM - DEBUG - https://management-ca-central-1.hygraph.com:443 "POST /graphql HTTP/1.1" 200 224
01/28/2024 22:09:34 PM - DEBUG - Starting new HTTPS connection (1): management-ca-central-1.hygraph.com:443
01/28/2024 22:09:36 PM - DEBUG - https://management-ca-central-1.hygraph.com:443 "POST /graphql HTTP/1.1" 200 24878
01/28/2024 22:09:37 PM - DEBUG - Starting new HTTPS connection (1): management-ca-central-1.hygraph.com:443
01/28/2024 22:09:41 PM - DEBUG - https://management-ca-central-1.hygraph.com:443 "POST /graphql HTTP/1.1" 200 90
01/28/2024 22:09:41 PM - DEBUG - Starting new HTTPS connection (1): management-ca-central-1.hygraph.com:443
01/28/2024 22:09:42 PM - DEBUG - https://management-ca-central-1.hygraph.com:443 "POST /graphql HTTP/1.1" 200 244
01/28/2024 22:09:42 PM - INFO - Start to create model!newTest
01/28/2024 22:09:42 PM - DEBUG - Starting new HTTPS connection (1): management-ca-central-1.hygraph.com:443
01/28/2024 22:09:44 PM - DEBUG - https://management-ca-central-1.hygraph.com:443 "POST /graphql HTTP/1.1" 200 224
01/28/2024 22:09:49 PM - DEBUG - Starting new HTTPS connection (1): management-ca-central-1.hygraph.com:443
01/28/2024 22:09:52 PM - DEBUG - https://management-ca-central-1.hygraph.com:443 "POST /graphql HTTP/1.1" 200 2837
01/28/2024 22:09:52 PM - INFO - Start to create SimpleField!Avatar
01/28/2024 22:09:52 PM - DEBUG - Starting new HTTPS connection (1): management-ca-central-1.hygraph.com:443
01/28/2024 22:09:53 PM - DEBUG - https://management-ca-central-1.hygraph.com:443 "POST /graphql HTTP/1.1" 200 230
01/28/2024 22:09:56 PM - INFO - Create simple field successfully!Avatar
01/28/2024 22:09:56 PM - INFO - This is RelationalField!
01/28/2024 22:09:56 PM - INFO - Start to create SimpleField!environment
01/28/2024 22:09:56 PM - DEBUG - Starting new HTTPS connection (1): management-ca-central-1.hygraph.com:443
01/28/2024 22:09:59 PM - DEBUG - https://management-ca-central-1.hygraph.com:443 "POST /graphql HTTP/1.1" 200 230
01/28/2024 22:10:02 PM - INFO - Create simple field successfully!environment
01/28/2024 22:10:02 PM - INFO - Start to create SimpleField!startDate
01/28/2024 22:10:02 PM - DEBUG - Starting new HTTPS connection (1): management-ca-central-1.hygraph.com:443
01/28/2024 22:10:04 PM - DEBUG - https://management-ca-central-1.hygraph.com:443 "POST /graphql HTTP/1.1" 200 230
01/28/2024 22:10:07 PM - INFO - Create simple field successfully!startDate
01/28/2024 22:10:07 PM - INFO - Start to create EnumerationField!Animal
01/28/2024 22:10:07 PM - INFO - Start to create Enumeration!Annimals
01/28/2024 22:10:07 PM - DEBUG - Starting new HTTPS connection (1): management-ca-central-1.hygraph.com:443
01/28/2024 22:10:08 PM - DEBUG - https://management-ca-central-1.hygraph.com:443 "POST /graphql HTTP/1.1" 200 230
01/28/2024 22:10:08 PM - INFO - Create Enumeration successfully!
01/28/2024 22:10:13 PM - DEBUG - Starting new HTTPS connection (1): management-ca-central-1.hygraph.com:443
01/28/2024 22:10:15 PM - DEBUG - https://management-ca-central-1.hygraph.com:443 "POST /graphql HTTP/1.1" 200 145
01/28/2024 22:10:15 PM - INFO - Start to create EnumerableField!Animal
01/28/2024 22:10:15 PM - DEBUG - Starting new HTTPS connection (1): management-ca-central-1.hygraph.com:443
01/28/2024 22:10:16 PM - DEBUG - https://management-ca-central-1.hygraph.com:443 "POST /graphql HTTP/1.1" 200 234
01/28/2024 22:10:21 PM - INFO - Create enumerable field successfully!Animal
01/28/2024 22:10:21 PM - INFO - Start to create SimpleField!note
01/28/2024 22:10:21 PM - DEBUG - Starting new HTTPS connection (1): management-ca-central-1.hygraph.com:443
01/28/2024 22:10:23 PM - DEBUG - https://management-ca-central-1.hygraph.com:443 "POST /graphql HTTP/1.1" 200 230
01/28/2024 22:10:26 PM - INFO - Create simple field successfully!note
01/29/2024 09:19:27 AM - DEBUG - Starting new HTTPS connection (1): management-ca-central-1.hygraph.com:443
01/29/2024 09:19:29 AM - DEBUG - https://management-ca-central-1.hygraph.com:443 "POST /graphql HTTP/1.1" 200 24878
01/29/2024 09:19:29 AM - DEBUG - Starting new HTTPS connection (1): management-ca-central-1.hygraph.com:443
01/29/2024 09:19:30 AM - DEBUG - https://management-ca-central-1.hygraph.com:443 "POST /graphql HTTP/1.1" 200 90
01/29/2024 09:19:30 AM - INFO - Get target models and components
01/29/2024 09:19:30 AM - DEBUG - Starting new HTTPS connection (1): management-ca-central-1.hygraph.com:443
01/29/2024 09:19:31 AM - DEBUG - https://management-ca-central-1.hygraph.com:443 "POST /graphql HTTP/1.1" 200 5074
01/29/2024 09:19:31 AM - INFO - Get target models and components successfully
01/29/2024 09:19:31 AM - INFO - Get target models and components
01/29/2024 09:19:31 AM - DEBUG - Starting new HTTPS connection (1): management-ca-central-1.hygraph.com:443
01/29/2024 09:19:32 AM - DEBUG - https://management-ca-central-1.hygraph.com:443 "POST /graphql HTTP/1.1" 200 5074
01/29/2024 09:19:32 AM - INFO - Get target models and components successfully
01/29/2024 09:19:32 AM - INFO - Start to create Component!testComponent2
01/29/2024 09:20:55 AM - DEBUG - Starting new HTTPS connection (1): management-ca-central-1.hygraph.com:443
01/29/2024 09:20:57 AM - DEBUG - https://management-ca-central-1.hygraph.com:443 "POST /graphql HTTP/1.1" 200 24878
01/29/2024 09:20:57 AM - DEBUG - Starting new HTTPS connection (1): management-ca-central-1.hygraph.com:443
01/29/2024 09:20:58 AM - DEBUG - https://management-ca-central-1.hygraph.com:443 "POST /graphql HTTP/1.1" 200 90
01/29/2024 09:20:58 AM - INFO - Get target models and components
01/29/2024 09:20:58 AM - DEBUG - Starting new HTTPS connection (1): management-ca-central-1.hygraph.com:443
01/29/2024 09:20:59 AM - DEBUG - https://management-ca-central-1.hygraph.com:443 "POST /graphql HTTP/1.1" 200 5074
01/29/2024 09:20:59 AM - INFO - Get target models and components successfully
01/29/2024 09:20:59 AM - INFO - Get target models and components
01/29/2024 09:20:59 AM - DEBUG - Starting new HTTPS connection (1): management-ca-central-1.hygraph.com:443
01/29/2024 09:21:00 AM - DEBUG - https://management-ca-central-1.hygraph.com:443 "POST /graphql HTTP/1.1" 200 5074
01/29/2024 09:21:00 AM - INFO - Get target models and components successfully
01/29/2024 09:21:00 AM - INFO - Start to create Component!testComponent2
01/29/2024 09:21:00 AM - DEBUG - Starting new HTTPS connection (1): management-ca-central-1.hygraph.com:443
01/29/2024 09:21:01 AM - DEBUG - https://management-ca-central-1.hygraph.com:443 "POST /graphql HTTP/1.1" 400 503
01/29/2024 09:21:06 AM - DEBUG - Starting new HTTPS connection (1): management-ca-central-1.hygraph.com:443
01/29/2024 09:21:08 AM - DEBUG - https://management-ca-central-1.hygraph.com:443 "POST /graphql HTTP/1.1" 400 396
01/29/2024 09:22:18 AM - DEBUG - Starting new HTTPS connection (1): management-ca-central-1.hygraph.com:443
01/29/2024 09:22:20 AM - DEBUG - https://management-ca-central-1.hygraph.com:443 "POST /graphql HTTP/1.1" 200 24878
01/29/2024 09:22:20 AM - DEBUG - Starting new HTTPS connection (1): management-ca-central-1.hygraph.com:443
01/29/2024 09:22:21 AM - DEBUG - https://management-ca-central-1.hygraph.com:443 "POST /graphql HTTP/1.1" 200 90
01/29/2024 09:22:21 AM - INFO - Get target models and components
01/29/2024 09:22:21 AM - DEBUG - Starting new HTTPS connection (1): management-ca-central-1.hygraph.com:443
01/29/2024 09:22:22 AM - DEBUG - https://management-ca-central-1.hygraph.com:443 "POST /graphql HTTP/1.1" 200 5074
01/29/2024 09:22:22 AM - INFO - Get target models and components successfully
01/29/2024 09:22:22 AM - INFO - Get target models and components
01/29/2024 09:22:22 AM - DEBUG - Starting new HTTPS connection (1): management-ca-central-1.hygraph.com:443
01/29/2024 09:22:24 AM - DEBUG - https://management-ca-central-1.hygraph.com:443 "POST /graphql HTTP/1.1" 200 5074
01/29/2024 09:22:24 AM - INFO - Get target models and components successfully
01/29/2024 09:22:24 AM - INFO - This field already exists!Avatar
01/29/2024 09:22:24 AM - INFO - This is RelationalField!
01/29/2024 09:22:24 AM - INFO - This field already exists!environment
01/29/2024 09:22:24 AM - INFO - This field already exists!startDate
01/29/2024 09:22:24 AM - INFO - This field already exists!Animal
01/29/2024 09:22:24 AM - INFO - This field already exists!note
01/29/2024 09:22:52 AM - DEBUG - Starting new HTTPS connection (1): management-ca-central-1.hygraph.com:443
01/29/2024 09:22:54 AM - DEBUG - https://management-ca-central-1.hygraph.com:443 "POST /graphql HTTP/1.1" 200 24878
01/29/2024 09:22:54 AM - DEBUG - Starting new HTTPS connection (1): management-ca-central-1.hygraph.com:443
01/29/2024 09:22:55 AM - DEBUG - https://management-ca-central-1.hygraph.com:443 "POST /graphql HTTP/1.1" 200 90
01/29/2024 09:22:55 AM - INFO - Get target models and components
01/29/2024 09:22:55 AM - DEBUG - Starting new HTTPS connection (1): management-ca-central-1.hygraph.com:443
01/29/2024 09:22:56 AM - DEBUG - https://management-ca-central-1.hygraph.com:443 "POST /graphql HTTP/1.1" 200 5074
01/29/2024 09:22:56 AM - INFO - Get target models and components successfully
01/29/2024 09:22:56 AM - INFO - Get target models and components
01/29/2024 09:22:56 AM - DEBUG - Starting new HTTPS connection (1): management-ca-central-1.hygraph.com:443
01/29/2024 09:22:58 AM - DEBUG - https://management-ca-central-1.hygraph.com:443 "POST /graphql HTTP/1.1" 200 5074
01/29/2024 09:22:58 AM - INFO - Get target models and components successfully
01/29/2024 09:22:58 AM - INFO - Start to create Component!testComponent2
01/29/2024 09:22:58 AM - DEBUG - Starting new HTTPS connection (1): management-ca-central-1.hygraph.com:443
01/29/2024 09:22:59 AM - DEBUG - https://management-ca-central-1.hygraph.com:443 "POST /graphql HTTP/1.1" 400 503
01/29/2024 09:23:04 AM - DEBUG - Starting new HTTPS connection (1): management-ca-central-1.hygraph.com:443
01/29/2024 09:23:05 AM - DEBUG - https://management-ca-central-1.hygraph.com:443 "POST /graphql HTTP/1.1" 400 396
01/29/2024 09:26:14 AM - DEBUG - Starting new HTTPS connection (1): management-ca-central-1.hygraph.com:443
01/29/2024 09:26:15 AM - DEBUG - https://management-ca-central-1.hygraph.com:443 "POST /graphql HTTP/1.1" 200 24878
01/29/2024 09:26:15 AM - DEBUG - Starting new HTTPS connection (1): management-ca-central-1.hygraph.com:443
01/29/2024 09:26:17 AM - DEBUG - https://management-ca-central-1.hygraph.com:443 "POST /graphql HTTP/1.1" 200 90
01/29/2024 09:26:17 AM - INFO - Get target models and components
01/29/2024 09:26:17 AM - DEBUG - Starting new HTTPS connection (1): management-ca-central-1.hygraph.com:443
01/29/2024 09:26:18 AM - DEBUG - https://management-ca-central-1.hygraph.com:443 "POST /graphql HTTP/1.1" 200 5074
01/29/2024 09:26:18 AM - INFO - Get target models and components successfully
01/29/2024 09:26:18 AM - INFO - Get target models and components
01/29/2024 09:26:18 AM - DEBUG - Starting new HTTPS connection (1): management-ca-central-1.hygraph.com:443
01/29/2024 09:26:20 AM - DEBUG - https://management-ca-central-1.hygraph.com:443 "POST /graphql HTTP/1.1" 200 5074
01/29/2024 09:26:20 AM - INFO - Get target models and components successfully
01/29/2024 09:26:20 AM - INFO - Start to create Component!testComponent2
01/29/2024 09:26:20 AM - DEBUG - Starting new HTTPS connection (1): management-ca-central-1.hygraph.com:443
01/29/2024 09:26:21 AM - DEBUG - https://management-ca-central-1.hygraph.com:443 "POST /graphql HTTP/1.1" 400 503
01/29/2024 09:26:26 AM - DEBUG - Starting new HTTPS connection (1): management-ca-central-1.hygraph.com:443
01/29/2024 09:26:27 AM - DEBUG - https://management-ca-central-1.hygraph.com:443 "POST /graphql HTTP/1.1" 400 396
01/29/2024 09:29:02 AM - DEBUG - Starting new HTTPS connection (1): management-ca-central-1.hygraph.com:443
01/29/2024 09:29:04 AM - DEBUG - https://management-ca-central-1.hygraph.com:443 "POST /graphql HTTP/1.1" 200 24878
01/29/2024 09:29:04 AM - DEBUG - Starting new HTTPS connection (1): management-ca-central-1.hygraph.com:443
01/29/2024 09:29:05 AM - DEBUG - https://management-ca-central-1.hygraph.com:443 "POST /graphql HTTP/1.1" 200 90
01/29/2024 09:29:05 AM - INFO - Get target models and components
01/29/2024 09:29:05 AM - DEBUG - Starting new HTTPS connection (1): management-ca-central-1.hygraph.com:443
01/29/2024 09:29:06 AM - DEBUG - https://management-ca-central-1.hygraph.com:443 "POST /graphql HTTP/1.1" 200 5074
01/29/2024 09:29:06 AM - INFO - Get target models and components successfully
01/29/2024 09:29:06 AM - INFO - Get target models and components
01/29/2024 09:29:06 AM - DEBUG - Starting new HTTPS connection (1): management-ca-central-1.hygraph.com:443
01/29/2024 09:29:07 AM - DEBUG - https://management-ca-central-1.hygraph.com:443 "POST /graphql HTTP/1.1" 200 5074
01/29/2024 09:29:07 AM - INFO - Get target models and components successfully
01/29/2024 09:29:07 AM - INFO - Start to create Component!testComponent2
01/29/2024 09:29:07 AM - DEBUG - Starting new HTTPS connection (1): management-ca-central-1.hygraph.com:443
01/29/2024 09:29:09 AM - DEBUG - https://management-ca-central-1.hygraph.com:443 "POST /graphql HTTP/1.1" 200 224
01/29/2024 09:29:14 AM - DEBUG - Starting new HTTPS connection (1): management-ca-central-1.hygraph.com:443
01/29/2024 09:29:15 AM - DEBUG - https://management-ca-central-1.hygraph.com:443 "POST /graphql HTTP/1.1" 400 396
01/29/2024 09:42:32 AM - DEBUG - Starting new HTTPS connection (1): management-ca-central-1.hygraph.com:443
01/29/2024 09:42:34 AM - DEBUG - https://management-ca-central-1.hygraph.com:443 "POST /graphql HTTP/1.1" 200 24878
01/29/2024 09:42:34 AM - DEBUG - Starting new HTTPS connection (1): management-ca-central-1.hygraph.com:443
01/29/2024 09:42:35 AM - DEBUG - https://management-ca-central-1.hygraph.com:443 "POST /graphql HTTP/1.1" 200 90
01/29/2024 09:42:35 AM - INFO - Get target models and components
01/29/2024 09:42:35 AM - DEBUG - Starting new HTTPS connection (1): management-ca-central-1.hygraph.com:443
01/29/2024 09:42:36 AM - DEBUG - https://management-ca-central-1.hygraph.com:443 "POST /graphql HTTP/1.1" 200 5074
01/29/2024 09:42:36 AM - INFO - Get target models and components successfully
01/29/2024 09:42:36 AM - INFO - Get target models and components
01/29/2024 09:42:36 AM - DEBUG - Starting new HTTPS connection (1): management-ca-central-1.hygraph.com:443
01/29/2024 09:42:37 AM - DEBUG - https://management-ca-central-1.hygraph.com:443 "POST /graphql HTTP/1.1" 200 5074
01/29/2024 09:42:37 AM - INFO - Get target models and components successfully
01/29/2024 09:42:37 AM - INFO - Start to create Component!testComponent
01/29/2024 09:42:37 AM - DEBUG - Starting new HTTPS connection (1): management-ca-central-1.hygraph.com:443
01/29/2024 09:42:39 AM - DEBUG - https://management-ca-central-1.hygraph.com:443 "POST /graphql HTTP/1.1" 200 228
01/29/2024 09:42:44 AM - DEBUG - Starting new HTTPS connection (1): management-ca-central-1.hygraph.com:443
01/29/2024 09:42:45 AM - DEBUG - https://management-ca-central-1.hygraph.com:443 "POST /graphql HTTP/1.1" 400 396
01/29/2024 09:45:16 AM - DEBUG - Starting new HTTPS connection (1): management-ca-central-1.hygraph.com:443
01/29/2024 09:45:18 AM - DEBUG - https://management-ca-central-1.hygraph.com:443 "POST /graphql HTTP/1.1" 200 24878
01/29/2024 09:45:18 AM - DEBUG - Starting new HTTPS connection (1): management-ca-central-1.hygraph.com:443
01/29/2024 09:45:19 AM - DEBUG - https://management-ca-central-1.hygraph.com:443 "POST /graphql HTTP/1.1" 200 90
01/29/2024 09:45:19 AM - INFO - Get target models and components
01/29/2024 09:45:19 AM - DEBUG - Starting new HTTPS connection (1): management-ca-central-1.hygraph.com:443
01/29/2024 09:45:21 AM - DEBUG - https://management-ca-central-1.hygraph.com:443 "POST /graphql HTTP/1.1" 200 5074
01/29/2024 09:45:21 AM - INFO - Get target models and components successfully
01/29/2024 09:45:21 AM - INFO - Get target models and components
01/29/2024 09:45:21 AM - DEBUG - Starting new HTTPS connection (1): management-ca-central-1.hygraph.com:443
01/29/2024 09:45:22 AM - DEBUG - https://management-ca-central-1.hygraph.com:443 "POST /graphql HTTP/1.1" 200 5074
01/29/2024 09:45:22 AM - INFO - Get target models and components successfully
01/29/2024 09:45:22 AM - INFO - Start to create Component!testComponent
01/29/2024 09:45:22 AM - DEBUG - Starting new HTTPS connection (1): management-ca-central-1.hygraph.com:443
01/29/2024 09:45:23 AM - DEBUG - https://management-ca-central-1.hygraph.com:443 "POST /graphql HTTP/1.1" 200 228
01/29/2024 09:45:28 AM - DEBUG - Starting new HTTPS connection (1): management-ca-central-1.hygraph.com:443
01/29/2024 09:45:29 AM - DEBUG - https://management-ca-central-1.hygraph.com:443 "POST /graphql HTTP/1.1" 400 396
01/29/2024 09:57:10 AM - DEBUG - Starting new HTTPS connection (1): management-ca-central-1.hygraph.com:443
01/29/2024 09:57:12 AM - DEBUG - https://management-ca-central-1.hygraph.com:443 "POST /graphql HTTP/1.1" 200 24878
01/29/2024 09:57:12 AM - DEBUG - Starting new HTTPS connection (1): management-ca-central-1.hygraph.com:443
01/29/2024 09:57:13 AM - DEBUG - https://management-ca-central-1.hygraph.com:443 "POST /graphql HTTP/1.1" 200 90
01/29/2024 09:57:13 AM - INFO - Get target models and components
01/29/2024 09:57:13 AM - DEBUG - Starting new HTTPS connection (1): management-ca-central-1.hygraph.com:443
01/29/2024 09:57:15 AM - DEBUG - https://management-ca-central-1.hygraph.com:443 "POST /graphql HTTP/1.1" 200 5627
01/29/2024 09:57:15 AM - INFO - Get target models and components successfully
01/29/2024 09:57:15 AM - INFO - Get target models and components
01/29/2024 09:57:15 AM - DEBUG - Starting new HTTPS connection (1): management-ca-central-1.hygraph.com:443
01/29/2024 09:57:16 AM - DEBUG - https://management-ca-central-1.hygraph.com:443 "POST /graphql HTTP/1.1" 200 5627
01/29/2024 09:57:16 AM - INFO - Get target models and components successfully
01/29/2024 09:57:16 AM - INFO - Start to create SimpleField!content
01/29/2024 09:57:16 AM - DEBUG - Starting new HTTPS connection (1): management-ca-central-1.hygraph.com:443
01/29/2024 09:57:17 AM - DEBUG - https://management-ca-central-1.hygraph.com:443 "POST /graphql HTTP/1.1" 200 230
01/29/2024 09:57:20 AM - INFO - Create simple field successfully!content
01/29/2024 09:57:20 AM - INFO - Start to create SimpleField!Text
01/29/2024 09:57:20 AM - DEBUG - Starting new HTTPS connection (1): management-ca-central-1.hygraph.com:443
01/29/2024 09:57:21 AM - DEBUG - https://management-ca-central-1.hygraph.com:443 "POST /graphql HTTP/1.1" 200 230
01/29/2024 09:57:24 AM - INFO - Create simple field successfully!Text
01/29/2024 09:57:24 AM - INFO - Start to create SimpleField!primarySchoolComposition
01/29/2024 09:57:24 AM - DEBUG - Starting new HTTPS connection (1): management-ca-central-1.hygraph.com:443
01/29/2024 09:57:26 AM - DEBUG - https://management-ca-central-1.hygraph.com:443 "POST /graphql HTTP/1.1" 200 230
01/29/2024 09:57:29 AM - INFO - Create simple field successfully!primarySchoolComposition
01/29/2024 09:57:29 AM - INFO - This is UniDirectionalRelationalField!
01/29/2024 09:57:29 AM - INFO - Get target models and components
01/29/2024 09:57:29 AM - DEBUG - Starting new HTTPS connection (1): management-ca-central-1.hygraph.com:443
01/29/2024 09:57:30 AM - DEBUG - https://management-ca-central-1.hygraph.com:443 "POST /graphql HTTP/1.1" 200 6950
01/29/2024 09:57:30 AM - INFO - Get target models and components successfully
01/29/2024 09:57:30 AM - INFO - Start to create Component!testComponent2
01/29/2024 09:57:30 AM - DEBUG - Starting new HTTPS connection (1): management-ca-central-1.hygraph.com:443
01/29/2024 09:57:31 AM - DEBUG - https://management-ca-central-1.hygraph.com:443 "POST /graphql HTTP/1.1" 200 228
01/29/2024 09:57:36 AM - DEBUG - Starting new HTTPS connection (1): management-ca-central-1.hygraph.com:443
01/29/2024 09:57:38 AM - DEBUG - https://management-ca-central-1.hygraph.com:443 "POST /graphql HTTP/1.1" 400 503
01/29/2024 09:58:50 AM - DEBUG - Starting new HTTPS connection (1): management-ca-central-1.hygraph.com:443
01/29/2024 09:58:51 AM - DEBUG - https://management-ca-central-1.hygraph.com:443 "POST /graphql HTTP/1.1" 200 24878
01/29/2024 09:58:51 AM - DEBUG - Starting new HTTPS connection (1): management-ca-central-1.hygraph.com:443
01/29/2024 09:58:52 AM - DEBUG - https://management-ca-central-1.hygraph.com:443 "POST /graphql HTTP/1.1" 200 90
01/29/2024 09:58:52 AM - INFO - Get target models and components
01/29/2024 09:58:52 AM - DEBUG - Starting new HTTPS connection (1): management-ca-central-1.hygraph.com:443
01/29/2024 09:58:54 AM - DEBUG - https://management-ca-central-1.hygraph.com:443 "POST /graphql HTTP/1.1" 200 7509
01/29/2024 09:58:54 AM - INFO - Get target models and components successfully
01/29/2024 09:58:54 AM - INFO - Get target models and components
01/29/2024 09:58:54 AM - DEBUG - Starting new HTTPS connection (1): management-ca-central-1.hygraph.com:443
01/29/2024 09:58:55 AM - DEBUG - https://management-ca-central-1.hygraph.com:443 "POST /graphql HTTP/1.1" 200 7509
01/29/2024 09:58:55 AM - INFO - Get target models and components successfully
01/29/2024 09:58:55 AM - INFO - This field already exists!content
01/29/2024 09:58:55 AM - INFO - This field already exists!Text
01/29/2024 09:58:55 AM - INFO - This field already exists!primarySchoolComposition
01/29/2024 09:58:55 AM - INFO - This is UniDirectionalRelationalField!
01/29/2024 09:58:55 AM - INFO - Get target models and components
01/29/2024 09:58:55 AM - DEBUG - Starting new HTTPS connection (1): management-ca-central-1.hygraph.com:443
01/29/2024 09:58:56 AM - DEBUG - https://management-ca-central-1.hygraph.com:443 "POST /graphql HTTP/1.1" 200 7509
01/29/2024 09:58:56 AM - INFO - Get target models and components successfully
01/29/2024 09:58:56 AM - INFO - Start to create SimpleField!location
01/29/2024 09:58:56 AM - DEBUG - Starting new HTTPS connection (1): management-ca-central-1.hygraph.com:443
01/29/2024 09:58:57 AM - DEBUG - https://management-ca-central-1.hygraph.com:443 "POST /graphql HTTP/1.1" 200 230
01/29/2024 09:59:00 AM - INFO - Create simple field successfully!location
01/29/2024 09:59:00 AM - INFO - Start to create SimpleField!Avatar
01/29/2024 09:59:00 AM - DEBUG - Starting new HTTPS connection (1): management-ca-central-1.hygraph.com:443
01/29/2024 09:59:02 AM - DEBUG - https://management-ca-central-1.hygraph.com:443 "POST /graphql HTTP/1.1" 200 230
01/29/2024 09:59:05 AM - INFO - Create simple field successfully!Avatar
01/29/2024 09:59:58 AM - DEBUG - Starting new HTTPS connection (1): management-ca-central-1.hygraph.com:443
01/29/2024 10:00:00 AM - DEBUG - https://management-ca-central-1.hygraph.com:443 "POST /graphql HTTP/1.1" 200 24878
01/29/2024 10:00:00 AM - DEBUG - Starting new HTTPS connection (1): management-ca-central-1.hygraph.com:443
01/29/2024 10:00:01 AM - DEBUG - https://management-ca-central-1.hygraph.com:443 "POST /graphql HTTP/1.1" 200 90
01/29/2024 10:00:01 AM - INFO - Get target models and components
01/29/2024 10:00:01 AM - DEBUG - Starting new HTTPS connection (1): management-ca-central-1.hygraph.com:443
01/29/2024 10:00:03 AM - DEBUG - https://management-ca-central-1.hygraph.com:443 "POST /graphql HTTP/1.1" 200 8375
01/29/2024 10:00:03 AM - INFO - Get target models and components successfully
01/29/2024 10:00:03 AM - INFO - Get target models and components
01/29/2024 10:00:03 AM - DEBUG - Starting new HTTPS connection (1): management-ca-central-1.hygraph.com:443
01/29/2024 10:00:04 AM - DEBUG - https://management-ca-central-1.hygraph.com:443 "POST /graphql HTTP/1.1" 200 8375
01/29/2024 10:00:04 AM - INFO - Get target models and components successfully
01/29/2024 10:00:04 AM - INFO - This field already exists!content
01/29/2024 10:00:04 AM - INFO - This field already exists!Text
01/29/2024 10:00:04 AM - INFO - This field already exists!primarySchoolComposition
01/29/2024 10:00:04 AM - INFO - This is UniDirectionalRelationalField!
01/29/2024 10:00:04 AM - INFO - Get target models and components
01/29/2024 10:00:04 AM - DEBUG - Starting new HTTPS connection (1): management-ca-central-1.hygraph.com:443
01/29/2024 10:00:05 AM - DEBUG - https://management-ca-central-1.hygraph.com:443 "POST /graphql HTTP/1.1" 200 8375
01/29/2024 10:00:05 AM - INFO - Get target models and components successfully
01/29/2024 10:00:05 AM - INFO - This field already exists!location
01/29/2024 10:00:05 AM - INFO - This field already exists!Avatar
01/29/2024 10:01:23 AM - DEBUG - Starting new HTTPS connection (1): management-ca-central-1.hygraph.com:443
01/29/2024 10:01:25 AM - DEBUG - https://management-ca-central-1.hygraph.com:443 "POST /graphql HTTP/1.1" 200 24878
01/29/2024 10:01:25 AM - DEBUG - Starting new HTTPS connection (1): management-ca-central-1.hygraph.com:443
01/29/2024 10:01:26 AM - DEBUG - https://management-ca-central-1.hygraph.com:443 "POST /graphql HTTP/1.1" 200 90
01/29/2024 10:01:26 AM - INFO - Get target models and components
01/29/2024 10:01:26 AM - DEBUG - Starting new HTTPS connection (1): management-ca-central-1.hygraph.com:443
01/29/2024 10:01:28 AM - DEBUG - https://management-ca-central-1.hygraph.com:443 "POST /graphql HTTP/1.1" 200 5074
01/29/2024 10:01:28 AM - INFO - Get target models and components successfully
01/29/2024 10:01:28 AM - INFO - Get target models and components
01/29/2024 10:01:28 AM - DEBUG - Starting new HTTPS connection (1): management-ca-central-1.hygraph.com:443
01/29/2024 10:01:29 AM - DEBUG - https://management-ca-central-1.hygraph.com:443 "POST /graphql HTTP/1.1" 200 5074
01/29/2024 10:01:29 AM - INFO - Get target models and components successfully
01/29/2024 10:01:29 AM - INFO - Start to create Component!testComponent
01/29/2024 10:01:29 AM - DEBUG - Starting new HTTPS connection (1): management-ca-central-1.hygraph.com:443
01/29/2024 10:01:30 AM - DEBUG - https://management-ca-central-1.hygraph.com:443 "POST /graphql HTTP/1.1" 200 228
01/29/2024 10:01:35 AM - DEBUG - Starting new HTTPS connection (1): management-ca-central-1.hygraph.com:443
01/29/2024 10:01:37 AM - DEBUG - https://management-ca-central-1.hygraph.com:443 "POST /graphql HTTP/1.1" 400 503
01/29/2024 10:04:06 AM - DEBUG - Starting new HTTPS connection (1): management-ca-central-1.hygraph.com:443
01/29/2024 10:04:07 AM - DEBUG - https://management-ca-central-1.hygraph.com:443 "POST /graphql HTTP/1.1" 200 24878
01/29/2024 10:04:07 AM - DEBUG - Starting new HTTPS connection (1): management-ca-central-1.hygraph.com:443
01/29/2024 10:04:09 AM - DEBUG - https://management-ca-central-1.hygraph.com:443 "POST /graphql HTTP/1.1" 200 90
01/29/2024 10:04:09 AM - INFO - Get target models and components
01/29/2024 10:04:09 AM - DEBUG - Starting new HTTPS connection (1): management-ca-central-1.hygraph.com:443
01/29/2024 10:04:10 AM - DEBUG - https://management-ca-central-1.hygraph.com:443 "POST /graphql HTTP/1.1" 200 5074
01/29/2024 10:04:10 AM - INFO - Get target models and components successfully
01/29/2024 10:04:10 AM - INFO - Get target models and components
01/29/2024 10:04:10 AM - DEBUG - Starting new HTTPS connection (1): management-ca-central-1.hygraph.com:443
01/29/2024 10:04:11 AM - DEBUG - https://management-ca-central-1.hygraph.com:443 "POST /graphql HTTP/1.1" 200 5074
01/29/2024 10:04:11 AM - INFO - Get target models and components successfully
01/29/2024 10:04:11 AM - INFO - Start to create Component!testComponent
01/29/2024 10:04:11 AM - DEBUG - Starting new HTTPS connection (1): management-ca-central-1.hygraph.com:443
01/29/2024 10:04:12 AM - DEBUG - https://management-ca-central-1.hygraph.com:443 "POST /graphql HTTP/1.1" 200 228
01/29/2024 10:04:17 AM - DEBUG - Starting new HTTPS connection (1): management-ca-central-1.hygraph.com:443
01/29/2024 10:04:19 AM - DEBUG - https://management-ca-central-1.hygraph.com:443 "POST /graphql HTTP/1.1" 400 503
01/29/2024 10:06:10 AM - DEBUG - Starting new HTTPS connection (1): management-ca-central-1.hygraph.com:443
01/29/2024 10:06:12 AM - DEBUG - https://management-ca-central-1.hygraph.com:443 "POST /graphql HTTP/1.1" 200 24878
01/29/2024 10:06:12 AM - DEBUG - Starting new HTTPS connection (1): management-ca-central-1.hygraph.com:443
01/29/2024 10:06:13 AM - DEBUG - https://management-ca-central-1.hygraph.com:443 "POST /graphql HTTP/1.1" 200 90
01/29/2024 10:06:13 AM - INFO - Get target models and components
01/29/2024 10:06:13 AM - DEBUG - Starting new HTTPS connection (1): management-ca-central-1.hygraph.com:443
01/29/2024 10:06:14 AM - DEBUG - https://management-ca-central-1.hygraph.com:443 "POST /graphql HTTP/1.1" 200 5074
01/29/2024 10:06:14 AM - INFO - Get target models and components successfully
01/29/2024 10:06:14 AM - INFO - Get target models and components
01/29/2024 10:06:14 AM - DEBUG - Starting new HTTPS connection (1): management-ca-central-1.hygraph.com:443
01/29/2024 10:06:16 AM - DEBUG - https://management-ca-central-1.hygraph.com:443 "POST /graphql HTTP/1.1" 200 5074
01/29/2024 10:06:16 AM - INFO - Get target models and components successfully
01/29/2024 10:06:16 AM - INFO - Start to create Component!testComponent
01/29/2024 10:06:16 AM - DEBUG - Starting new HTTPS connection (1): management-ca-central-1.hygraph.com:443
01/29/2024 10:06:17 AM - DEBUG - https://management-ca-central-1.hygraph.com:443 "POST /graphql HTTP/1.1" 200 228
01/29/2024 10:06:22 AM - DEBUG - Starting new HTTPS connection (1): management-ca-central-1.hygraph.com:443
01/29/2024 10:06:23 AM - DEBUG - https://management-ca-central-1.hygraph.com:443 "POST /graphql HTTP/1.1" 200 636
01/29/2024 10:06:23 AM - INFO - Start to create SimpleField!content
01/29/2024 10:06:23 AM - DEBUG - Starting new HTTPS connection (1): management-ca-central-1.hygraph.com:443
01/29/2024 10:06:24 AM - DEBUG - https://management-ca-central-1.hygraph.com:443 "POST /graphql HTTP/1.1" 200 230
01/29/2024 10:06:27 AM - INFO - Create simple field successfully!content
01/29/2024 10:06:27 AM - INFO - Start to create SimpleField!Text
01/29/2024 10:06:27 AM - DEBUG - Starting new HTTPS connection (1): management-ca-central-1.hygraph.com:443
01/29/2024 10:06:29 AM - DEBUG - https://management-ca-central-1.hygraph.com:443 "POST /graphql HTTP/1.1" 200 230
01/29/2024 10:06:32 AM - INFO - Create simple field successfully!Text
01/29/2024 10:06:32 AM - INFO - Start to create SimpleField!primarySchoolComposition
01/29/2024 10:06:32 AM - DEBUG - Starting new HTTPS connection (1): management-ca-central-1.hygraph.com:443
01/29/2024 10:06:33 AM - DEBUG - https://management-ca-central-1.hygraph.com:443 "POST /graphql HTTP/1.1" 200 230
01/29/2024 10:06:36 AM - INFO - Create simple field successfully!primarySchoolComposition
01/29/2024 10:06:36 AM - INFO - This is UniDirectionalRelationalField!
01/29/2024 10:06:36 AM - INFO - Get target models and components
01/29/2024 10:06:36 AM - DEBUG - Starting new HTTPS connection (1): management-ca-central-1.hygraph.com:443
01/29/2024 10:06:37 AM - DEBUG - https://management-ca-central-1.hygraph.com:443 "POST /graphql HTTP/1.1" 200 6950
01/29/2024 10:06:37 AM - INFO - Get target models and components successfully
01/29/2024 10:06:37 AM - INFO - Start to create Component!testComponent2
01/29/2024 10:06:37 AM - DEBUG - Starting new HTTPS connection (1): management-ca-central-1.hygraph.com:443
01/29/2024 10:06:38 AM - DEBUG - https://management-ca-central-1.hygraph.com:443 "POST /graphql HTTP/1.1" 200 228
01/29/2024 10:06:43 AM - DEBUG - Starting new HTTPS connection (1): management-ca-central-1.hygraph.com:443
01/29/2024 10:06:44 AM - DEBUG - https://management-ca-central-1.hygraph.com:443 "POST /graphql HTTP/1.1" 200 2518
01/29/2024 10:06:44 AM - INFO - Start to create SimpleField!location
01/29/2024 10:06:44 AM - DEBUG - Starting new HTTPS connection (1): management-ca-central-1.hygraph.com:443
01/29/2024 10:06:46 AM - DEBUG - https://management-ca-central-1.hygraph.com:443 "POST /graphql HTTP/1.1" 200 230
01/29/2024 10:06:49 AM - INFO - Create simple field successfully!location
01/29/2024 10:06:49 AM - INFO - Start to create SimpleField!Avatar
01/29/2024 10:06:49 AM - DEBUG - Starting new HTTPS connection (1): management-ca-central-1.hygraph.com:443
01/29/2024 10:06:50 AM - DEBUG - https://management-ca-central-1.hygraph.com:443 "POST /graphql HTTP/1.1" 200 230
01/29/2024 10:06:53 AM - INFO - Create simple field successfully!Avatar
